app/build/outputs/logs/manifest-merger-debug-report.txt
-- Merging decision tree log ---
manifest
ADDED from src\main\AndroidManifest.xml:2:1-47:12
	package
		ADDED from src\main\AndroidManifest.xml:3:5-43
		INJECTED from src\main\AndroidManifest.xml
		INJECTED from src\main\AndroidManifest.xml
	android:versionName
		ADDED from src\main\AndroidManifest.xml:5:5-32
	android:versionCode
		ADDED from src\main\AndroidManifest.xml:4:5-28
		INJECTED from src\main\AndroidManifest.xml
		INJECTED from src\main\AndroidManifest.xml
	xmlns:android
		ADDED from src\main\AndroidManifest.xml:2:11-69
uses-sdk
ADDED from src\main\AndroidManifest.xml:7:5-9:41
	android:targetSdkVersion
		ADDED from src\main\AndroidManifest.xml:9:9-38
		INJECTED from src\main\AndroidManifest.xml
		INJECTED from src\main\AndroidManifest.xml
	android:minSdkVersion
		ADDED from src\main\AndroidManifest.xml:8:9-35
		INJECTED from src\main\AndroidManifest.xml
		INJECTED from src\main\AndroidManifest.xml
uses-permission#android.permission.VIBRATE
ADDED from src\main\AndroidManifest.xml:11:5-66
	android:name
		ADDED from src\main\AndroidManifest.xml:11:22-63
uses-permission#android.permission.WAKE_LOCK
ADDED from src\main\AndroidManifest.xml:12:5-68
	android:name
		ADDED from src\main\AndroidManifest.xml:12:22-65
uses-permission#android.permission.GET_ACCOUNTS
ADDED from src\main\AndroidManifest.xml:13:5-70
	android:name
		ADDED from src\main\AndroidManifest.xml:13:22-68
application
ADDED from src\main\AndroidManifest.xml:15:5-45:19
	android:label
		ADDED from src\main\AndroidManifest.xml:18:9-41
	android:allowBackup
		ADDED from src\main\AndroidManifest.xml:16:9-35
	android:icon
		ADDED from src\main\AndroidManifest.xml:17:9-38
	android:description
		ADDED from src\main\AndroidManifest.xml:19:41-82
	android:theme
		ADDED from src\main\AndroidManifest.xml:19:9-40
	android:logo
		ADDED from src\main\AndroidManifest.xml:19:83-112
service#ru.medyannikov.mypyatnashka4.MusicService
ADDED from src\main\AndroidManifest.xml:20:9-23:19
	android:enabled
		ADDED from src\main\AndroidManifest.xml:22:13-35
	android:name
		ADDED from src\main\AndroidManifest.xml:21:13-69
activity#ru.medyannikov.mypyatnashka4.MainActivity
ADDED from src\main\AndroidManifest.xml:25:9-30:20
	android:label
		ADDED from src\main\AndroidManifest.xml:29:13-45
	android:noHistory
		ADDED from src\main\AndroidManifest.xml:27:13-37
	android:configChanges
		ADDED from src\main\AndroidManifest.xml:28:13-74
	android:name
		ADDED from src\main\AndroidManifest.xml:26:13-69
activity#ru.medyannikov.mypyatnashka4.MainMenu
ADDED from src\main\AndroidManifest.xml:32:9-40:20
	android:configChanges
		ADDED from src\main\AndroidManifest.xml:34:13-74
	android:name
		ADDED from src\main\AndroidManifest.xml:32:19-71
intent-filter#android.intent.action.MAIN+android.intent.category.LAUNCHER
ADDED from src\main\AndroidManifest.xml:35:13-39:29
action#android.intent.action.MAIN
ADDED from src\main\AndroidManifest.xml:36:17-69
	android:name
		ADDED from src\main\AndroidManifest.xml:36:25-66
category#android.intent.category.LAUNCHER
ADDED from src\main\AndroidManifest.xml:38:17-77
	android:name
		ADDED from src\main\AndroidManifest.xml:38:27-74
activity#ru.medyannikov.mypyatnashka4.RecordsActivity
ADDED from src\main\AndroidManifest.xml:41:9-114
	android:label
		ADDED from src\main\AndroidManifest.xml:41:19-42
	android:name
		ADDED from src\main\AndroidManifest.xml:41:43-102
activity#ru.medyannikov.mypyatnashka4.Winner
ADDED from src\main\AndroidManifest.xml:41:114-186
	android:name
		ADDED from src\main\AndroidManifest.xml:41:124-174
activity#ru.medyannikov.mypyatnashka4.Preferences
ADDED from src\main\AndroidManifest.xml:43:9-149
	android:permission
		ADDED from src\main\AndroidManifest.xml:43:19-81
	android:name
		ADDED from src\main\AndroidManifest.xml:43:82-137